2023-05-08 21:42:34 0 [Note] Starting MariaDB 10.4.28-MariaDB source revision c8f2e9a5c0ac5905f28b050b7df5a9ffd914b7e7 as process 22940
2023-05-08 21:42:34 0 [Note] InnoDB: Mutexes and rw_locks use Windows interlocked functions
2023-05-08 21:42:34 0 [Note] InnoDB: Uses event mutexes
2023-05-08 21:42:34 0 [Note] InnoDB: Compressed tables use zlib 1.2.12
2023-05-08 21:42:34 0 [Note] InnoDB: Number of pools: 1
2023-05-08 21:42:34 0 [Note] InnoDB: Using SSE2 crc32 instructions
2023-05-08 21:42:34 0 [Note] InnoDB: Initializing buffer pool, total size = 16M, instances = 1, chunk size = 16M
2023-05-08 21:42:34 0 [Note] InnoDB: Completed initialization of buffer pool
2023-05-08 21:42:34 0 [Note] InnoDB: Starting crash recovery from checkpoint LSN=300288
2023-05-08 21:42:34 0 [Note] InnoDB: 128 out of 128 rollback segments are active.
2023-05-08 21:42:34 0 [Note] InnoDB: Removed temporary tablespace data file: "ibtmp1"
2023-05-08 21:42:34 0 [Note] InnoDB: Creating shared tablespace for temporary tables
2023-05-08 21:42:34 0 [Note] InnoDB: Setting file 'C:\xampp\mysql\data\ibtmp1' size to 12 MB. Physically writing the file full; Please wait ...
2023-05-08 21:42:34 0 [Note] InnoDB: File 'C:\xampp\mysql\data\ibtmp1' size is now 12 MB.
2023-05-08 21:42:34 0 [Note] InnoDB: Waiting for purge to start
2023-05-08 21:42:35 0 [Note] InnoDB: 10.4.28 started; log sequence number 300297; transaction id 170
2023-05-08 21:42:35 0 [Note] InnoDB: Loading buffer pool(s) from C:\xampp\mysql\data\ib_buffer_pool
2023-05-08 21:42:35 0 [Note] Plugin 'FEEDBACK' is disabled.
2023-05-08 21:42:35 0 [Note] Server socket created on IP: '::'.
2023-05-09 20:12:46 0 [Note] Starting MariaDB 10.4.28-MariaDB source revision c8f2e9a5c0ac5905f28b050b7df5a9ffd914b7e7 as process 4148
Cannot find checkpoint record at LSN (1,0x5556)
2023-05-09 20:12:46 0 [ERROR] mysqld.exe: Aria recovery failed. Please run aria_chk -r on all Aria tables and delete all aria_log.######## files
2023-05-09 20:12:46 0 [ERROR] Plugin 'Aria' init function returned error.
2023-05-09 20:12:46 0 [ERROR] Plugin 'Aria' registration as a STORAGE ENGINE failed.
2023-05-09 20:12:46 0 [Note] InnoDB: Mutexes and rw_locks use Windows interlocked functions
2023-05-09 20:12:46 0 [Note] InnoDB: Uses event mutexes
2023-05-09 20:12:46 0 [Note] InnoDB: Compressed tables use zlib 1.2.12
2023-05-09 20:12:46 0 [Note] InnoDB: Number of pools: 1
2023-05-09 20:12:46 0 [Note] InnoDB: Using SSE2 crc32 instructions
2023-05-09 20:12:46 0 [Note] InnoDB: Initializing buffer pool, total size = 16M, instances = 1, chunk size = 16M
2023-05-09 20:12:46 0 [Note] InnoDB: Completed initialization of buffer pool
2023-05-09 20:12:46 0 [Note] InnoDB: Starting crash recovery from checkpoint LSN=317042
2023-05-09 20:12:46 0 [Note] InnoDB: 128 out of 128 rollback segments are active.
2023-05-09 20:12:46 0 [Note] InnoDB: Removed temporary tablespace data file: "ibtmp1"
2023-05-09 20:12:46 0 [Note] InnoDB: Creating shared tablespace for temporary tables
2023-05-09 20:12:46 0 [Note] InnoDB: Setting file 'C:\xampp\mysql\data\ibtmp1' size to 12 MB. Physically writing the file full; Please wait ...
2023-05-09 20:12:46 0 [Note] InnoDB: File 'C:\xampp\mysql\data\ibtmp1' size is now 12 MB.
2023-05-09 20:12:46 0 [Note] InnoDB: Waiting for purge to start
2023-05-09 20:12:46 0 [Note] InnoDB: 10.4.28 started; log sequence number 317051; transaction id 216
2023-05-09 20:12:46 0 [Note] InnoDB: Loading buffer pool(s) from C:\xampp\mysql\data\ib_buffer_pool
2023-05-09 20:12:46 0 [Note] Plugin 'FEEDBACK' is disabled.
2023-05-09 20:12:46 0 [ERROR] Could not open mysql.plugin table. Some plugins may be not loaded
2023-05-09 20:12:46 0 [Note] InnoDB: Buffer pool(s) load completed at 230509 20:12:46
2023-05-09 20:12:46 0 [ERROR] Failed to initialize plugins.
2023-05-09 20:12:46 0 [ERROR] Aborting
2023-05-09 20:12:52 0 [Note] Starting MariaDB 10.4.28-MariaDB source revision c8f2e9a5c0ac5905f28b050b7df5a9ffd914b7e7 as process 14656
Cannot find checkpoint record at LSN (1,0x5556)
2023-05-09 20:12:52 0 [ERROR] mysqld.exe: Aria recovery failed. Please run aria_chk -r on all Aria tables and delete all aria_log.######## files
2023-05-09 20:12:52 0 [ERROR] Plugin 'Aria' init function returned error.
2023-05-09 20:12:52 0 [ERROR] Plugin 'Aria' registration as a STORAGE ENGINE failed.
2023-05-09 20:12:52 0 [Note] InnoDB: Mutexes and rw_locks use Windows interlocked functions
2023-05-09 20:12:52 0 [Note] InnoDB: Uses event mutexes
2023-05-09 20:12:52 0 [Note] InnoDB: Compressed tables use zlib 1.2.12
2023-05-09 20:12:52 0 [Note] InnoDB: Number of pools: 1
2023-05-09 20:12:52 0 [Note] InnoDB: Using SSE2 crc32 instructions
2023-05-09 20:12:52 0 [Note] InnoDB: Initializing buffer pool, total size = 16M, instances = 1, chunk size = 16M
2023-05-09 20:12:52 0 [Note] InnoDB: Completed initialization of buffer pool
2023-05-09 20:12:52 0 [Note] InnoDB: 128 out of 128 rollback segments are active.
2023-05-09 20:12:52 0 [Note] InnoDB: Creating shared tablespace for temporary tables
2023-05-09 20:12:52 0 [Note] InnoDB: Setting file 'C:\xampp\mysql\data\ibtmp1' size to 12 MB. Physically writing the file full; Please wait ...
2023-05-09 20:12:52 0 [Note] InnoDB: File 'C:\xampp\mysql\data\ibtmp1' size is now 12 MB.
2023-05-09 20:12:52 0 [Note] InnoDB: Waiting for purge to start
2023-05-09 20:12:52 0 [Note] InnoDB: 10.4.28 started; log sequence number 317060; transaction id 216
2023-05-09 20:12:52 0 [Note] InnoDB: Loading buffer pool(s) from C:\xampp\mysql\data\ib_buffer_pool
2023-05-09 20:12:52 0 [Note] Plugin 'FEEDBACK' is disabled.
2023-05-09 20:12:52 0 [ERROR] Could not open mysql.plugin table. Some plugins may be not loaded
2023-05-09 20:12:52 0 [Note] InnoDB: Buffer pool(s) load completed at 230509 20:12:52
2023-05-09 20:12:52 0 [ERROR] Failed to initialize plugins.
2023-05-09 20:12:52 0 [ERROR] Aborting
2023-05-09 20:18:30 0 [Note] Starting MariaDB 10.4.28-MariaDB source revision c8f2e9a5c0ac5905f28b050b7df5a9ffd914b7e7 as process 25928
Cannot find checkpoint record at LSN (1,0x5556)
2023-05-09 20:18:30 0 [ERROR] mysqld.exe: Aria recovery failed. Please run aria_chk -r on all Aria tables and delete all aria_log.######## files
2023-05-09 20:18:30 0 [ERROR] Plugin 'Aria' init function returned error.
2023-05-09 20:18:30 0 [ERROR] Plugin 'Aria' registration as a STORAGE ENGINE failed.
2023-05-09 20:18:30 0 [Note] InnoDB: Mutexes and rw_locks use Windows interlocked functions
2023-05-09 20:18:30 0 [Note] InnoDB: Uses event mutexes
2023-05-09 20:18:30 0 [Note] InnoDB: Compressed tables use zlib 1.2.12
2023-05-09 20:18:30 0 [Note] InnoDB: Number of pools: 1
2023-05-09 20:18:30 0 [Note] InnoDB: Using SSE2 crc32 instructions
2023-05-09 20:18:30 0 [Note] InnoDB: Initializing buffer pool, total size = 16M, instances = 1, chunk size = 16M
2023-05-09 20:18:30 0 [Note] InnoDB: Completed initialization of buffer pool
2023-05-09 20:18:30 0 [Note] InnoDB: 128 out of 128 rollback segments are active.
2023-05-09 20:18:30 0 [Note] InnoDB: Creating shared tablespace for temporary tables
2023-05-09 20:18:30 0 [Note] InnoDB: Setting file 'C:\xampp\mysql\data\ibtmp1' size to 12 MB. Physically writing the file full; Please wait ...
2023-05-09 20:18:30 0 [Note] InnoDB: File 'C:\xampp\mysql\data\ibtmp1' size is now 12 MB.
2023-05-09 20:18:30 0 [Note] InnoDB: Waiting for purge to start
2023-05-09 20:18:30 0 [Note] InnoDB: 10.4.28 started; log sequence number 317069; transaction id 216
2023-05-09 20:18:30 0 [Note] InnoDB: Loading buffer pool(s) from C:\xampp\mysql\data\ib_buffer_pool
2023-05-09 20:18:30 0 [Note] Plugin 'FEEDBACK' is disabled.
2023-05-09 20:18:30 0 [ERROR] Could not open mysql.plugin table. Some plugins may be not loaded
2023-05-09 20:18:30 0 [Note] InnoDB: Buffer pool(s) load completed at 230509 20:18:30
2023-05-09 20:18:30 0 [ERROR] Failed to initialize plugins.
2023-05-09 20:18:30 0 [ERROR] Aborting
2023-05-09 20:20:05 0 [Note] Starting MariaDB 10.4.28-MariaDB source revision c8f2e9a5c0ac5905f28b050b7df5a9ffd914b7e7 as process 25936
Cannot find checkpoint record at LSN (1,0x5556)
2023-05-09 20:20:05 0 [ERROR] mysqld.exe: Aria recovery failed. Please run aria_chk -r on all Aria tables and delete all aria_log.######## files
2023-05-09 20:20:05 0 [ERROR] Plugin 'Aria' init function returned error.
2023-05-09 20:20:05 0 [ERROR] Plugin 'Aria' registration as a STORAGE ENGINE failed.
2023-05-09 20:20:05 0 [Note] InnoDB: Mutexes and rw_locks use Windows interlocked functions
2023-05-09 20:20:05 0 [Note] InnoDB: Uses event mutexes
2023-05-09 20:20:05 0 [Note] InnoDB: Compressed tables use zlib 1.2.12
2023-05-09 20:20:05 0 [Note] InnoDB: Number of pools: 1
2023-05-09 20:20:05 0 [Note] InnoDB: Using SSE2 crc32 instructions
2023-05-09 20:20:05 0 [Note] InnoDB: Initializing buffer pool, total size = 16M, instances = 1, chunk size = 16M
2023-05-09 20:20:05 0 [Note] InnoDB: Completed initialization of buffer pool
2023-05-09 20:20:05 0 [Note] InnoDB: 128 out of 128 rollback segments are active.
2023-05-09 20:20:05 0 [Note] InnoDB: Creating shared tablespace for temporary tables
2023-05-09 20:20:05 0 [Note] InnoDB: Setting file 'C:\xampp\mysql\data\ibtmp1' size to 12 MB. Physically writing the file full; Please wait ...
2023-05-09 20:20:05 0 [Note] InnoDB: File 'C:\xampp\mysql\data\ibtmp1' size is now 12 MB.
2023-05-09 20:20:05 0 [Note] InnoDB: Waiting for purge to start
2023-05-09 20:20:05 0 [Note] InnoDB: 10.4.28 started; log sequence number 317078; transaction id 216
2023-05-09 20:20:05 0 [Note] InnoDB: Loading buffer pool(s) from C:\xampp\mysql\data\ib_buffer_pool
2023-05-09 20:20:05 0 [Note] Plugin 'FEEDBACK' is disabled.
2023-05-09 20:20:05 0 [ERROR] Could not open mysql.plugin table. Some plugins may be not loaded
2023-05-09 20:20:05 0 [Note] InnoDB: Buffer pool(s) load completed at 230509 20:20:05
2023-05-09 20:20:05 0 [ERROR] Failed to initialize plugins.
2023-05-09 20:20:05 0 [ERROR] Aborting
2023-05-09 20:21:15 0 [Note] Starting MariaDB 10.4.28-MariaDB source revision c8f2e9a5c0ac5905f28b050b7df5a9ffd914b7e7 as process 5808
Cannot find checkpoint record at LSN (1,0x5556)
2023-05-09 20:21:15 0 [ERROR] mysqld.exe: Aria recovery failed. Please run aria_chk -r on all Aria tables and delete all aria_log.######## files
2023-05-09 20:21:15 0 [ERROR] Plugin 'Aria' init function returned error.
2023-05-09 20:21:15 0 [ERROR] Plugin 'Aria' registration as a STORAGE ENGINE failed.
2023-05-09 20:21:15 0 [Note] InnoDB: Mutexes and rw_locks use Windows interlocked functions
2023-05-09 20:21:15 0 [Note] InnoDB: Uses event mutexes
2023-05-09 20:21:15 0 [Note] InnoDB: Compressed tables use zlib 1.2.12
2023-05-09 20:21:15 0 [Note] InnoDB: Number of pools: 1
2023-05-09 20:21:15 0 [Note] InnoDB: Using SSE2 crc32 instructions
2023-05-09 20:21:15 0 [Note] InnoDB: Initializing buffer pool, total size = 16M, instances = 1, chunk size = 16M
2023-05-09 20:21:15 0 [Note] InnoDB: Completed initialization of buffer pool
2023-05-09 20:21:15 0 [Note] InnoDB: 128 out of 128 rollback segments are active.
2023-05-09 20:21:15 0 [Note] InnoDB: Creating shared tablespace for temporary tables
2023-05-09 20:21:15 0 [Note] InnoDB: Setting file 'C:\xampp\mysql\data\ibtmp1' size to 12 MB. Physically writing the file full; Please wait ...
2023-05-09 20:21:15 0 [Note] InnoDB: File 'C:\xampp\mysql\data\ibtmp1' size is now 12 MB.
2023-05-09 20:21:15 0 [Note] InnoDB: Waiting for purge to start
2023-05-09 20:21:15 0 [Note] InnoDB: 10.4.28 started; log sequence number 317087; transaction id 216
2023-05-09 20:21:15 0 [Note] Plugin 'FEEDBACK' is disabled.
2023-05-09 20:21:15 0 [Note] InnoDB: Loading buffer pool(s) from C:\xampp\mysql\data\ib_buffer_pool
2023-05-09 20:21:15 0 [ERROR] Could not open mysql.plugin table. Some plugins may be not loaded
2023-05-09 20:21:15 0 [ERROR] Failed to initialize plugins.
2023-05-09 20:21:15 0 [Note] InnoDB: Buffer pool(s) load completed at 230509 20:21:15
2023-05-09 20:21:15 0 [ERROR] Aborting
2023-05-09 20:23:33 0 [Note] Starting MariaDB 10.4.28-MariaDB source revision c8f2e9a5c0ac5905f28b050b7df5a9ffd914b7e7 as process 23540
Cannot find checkpoint record at LSN (1,0x5556)
2023-05-09 20:23:33 0 [ERROR] mysqld.exe: Aria recovery failed. Please run aria_chk -r on all Aria tables and delete all aria_log.######## files
2023-05-09 20:23:33 0 [ERROR] Plugin 'Aria' init function returned error.
2023-05-09 20:23:33 0 [ERROR] Plugin 'Aria' registration as a STORAGE ENGINE failed.
2023-05-09 20:23:33 0 [Note] InnoDB: Mutexes and rw_locks use Windows interlocked functions
2023-05-09 20:23:33 0 [Note] InnoDB: Uses event mutexes
2023-05-09 20:23:33 0 [Note] InnoDB: Compressed tables use zlib 1.2.12
2023-05-09 20:23:33 0 [Note] InnoDB: Number of pools: 1
2023-05-09 20:23:33 0 [Note] InnoDB: Using SSE2 crc32 instructions
2023-05-09 20:23:33 0 [Note] InnoDB: Initializing buffer pool, total size = 16M, instances = 1, chunk size = 16M
2023-05-09 20:23:33 0 [Note] InnoDB: Completed initialization of buffer pool
2023-05-09 20:23:33 0 [Note] InnoDB: 128 out of 128 rollback segments are active.
2023-05-09 20:23:33 0 [Note] InnoDB: Creating shared tablespace for temporary tables
2023-05-09 20:23:33 0 [Note] InnoDB: Setting file 'C:\xampp\mysql\data\ibtmp1' size to 12 MB. Physically writing the file full; Please wait ...
2023-05-09 20:23:33 0 [Note] InnoDB: File 'C:\xampp\mysql\data\ibtmp1' size is now 12 MB.
2023-05-09 20:23:33 0 [Note] InnoDB: Waiting for purge to start
2023-05-09 20:23:33 0 [Note] InnoDB: 10.4.28 started; log sequence number 317096; transaction id 216
2023-05-09 20:23:33 0 [Note] InnoDB: Loading buffer pool(s) from C:\xampp\mysql\data\ib_buffer_pool
2023-05-09 20:23:33 0 [Note] Plugin 'FEEDBACK' is disabled.
2023-05-09 20:23:33 0 [ERROR] Could not open mysql.plugin table. Some plugins may be not loaded
2023-05-09 20:23:33 0 [Note] InnoDB: Buffer pool(s) load completed at 230509 20:23:33
2023-05-09 20:23:33 0 [ERROR] Failed to initialize plugins.
2023-05-09 20:23:33 0 [ERROR] Aborting
